{"name":"hexo","hostname":"localhost","pid":71193,"level":20,"msg":"Hexo version: \u001b[35m3.3.9\u001b[39m","time":"2017-09-19T03:03:15.385Z","v":0}
{"name":"hexo","hostname":"localhost","pid":71193,"level":20,"msg":"Working directory: \u001b[35m~/MyWorkspace/blog/\u001b[39m","time":"2017-09-19T03:03:15.387Z","v":0}
{"name":"hexo","hostname":"localhost","pid":71193,"level":20,"msg":"Updating package.json","time":"2017-09-19T03:03:15.448Z","v":0}
{"name":"hexo","hostname":"localhost","pid":71193,"level":20,"msg":"Config loaded: \u001b[35m~/MyWorkspace/blog/_config.yml\u001b[39m","time":"2017-09-19T03:03:15.457Z","v":0}
{"name":"hexo","hostname":"localhost","pid":71193,"level":60,"err":{"message":"Cannot find module '/Users/baiyunpeng/MyWorkspace/blog/node_modules/hexo-material'","name":"Error","stack":"Error: Cannot find module '/Users/baiyunpeng/MyWorkspace/blog/node_modules/hexo-material'\n    at Function.Module._resolveFilename (module.js:469:15)\n    at Function.resolve (internal/module.js:27:19)\n    at /Users/baiyunpeng/MyWorkspace/blog/node_modules/hexo/lib/hexo/load_plugins.js:51:24\n    at tryCatcher (/Users/baiyunpeng/MyWorkspace/blog/node_modules/bluebird/js/release/util.js:16:23)\n    at MappingPromiseArray._promiseFulfilled (/Users/baiyunpeng/MyWorkspace/blog/node_modules/bluebird/js/release/map.js:61:38)\n    at MappingPromiseArray.PromiseArray._iterate (/Users/baiyunpeng/MyWorkspace/blog/node_modules/bluebird/js/release/promise_array.js:114:31)\n    at MappingPromiseArray.init (/Users/baiyunpeng/MyWorkspace/blog/node_modules/bluebird/js/release/promise_array.js:78:10)\n    at Promise._settlePromise (/Users/baiyunpeng/MyWorkspace/blog/node_modules/bluebird/js/release/promise.js:566:21)\n    at Promise._settlePromise0 (/Users/baiyunpeng/MyWorkspace/blog/node_modules/bluebird/js/release/promise.js:614:10)\n    at Promise._settlePromises (/Users/baiyunpeng/MyWorkspace/blog/node_modules/bluebird/js/release/promise.js:693:18)\n    at Promise._fulfill (/Users/baiyunpeng/MyWorkspace/blog/node_modules/bluebird/js/release/promise.js:638:18)\n    at MappingPromiseArray.PromiseArray._resolve (/Users/baiyunpeng/MyWorkspace/blog/node_modules/bluebird/js/release/promise_array.js:126:19)\n    at MappingPromiseArray._filter (/Users/baiyunpeng/MyWorkspace/blog/node_modules/bluebird/js/release/map.js:127:10)\n    at MappingPromiseArray._promiseFulfilled (/Users/baiyunpeng/MyWorkspace/blog/node_modules/bluebird/js/release/map.js:99:18)\n    at Promise._settlePromise (/Users/baiyunpeng/MyWorkspace/blog/node_modules/bluebird/js/release/promise.js:574:26)\n    at Promise._settlePromise0 (/Users/baiyunpeng/MyWorkspace/blog/node_modules/bluebird/js/release/promise.js:614:10)\n    at Promise._settlePromises (/Users/baiyunpeng/MyWorkspace/blog/node_modules/bluebird/js/release/promise.js:693:18)\n    at Promise._fulfill (/Users/baiyunpeng/MyWorkspace/blog/node_modules/bluebird/js/release/promise.js:638:18)\n    at Promise._resolveCallback (/Users/baiyunpeng/MyWorkspace/blog/node_modules/bluebird/js/release/promise.js:432:57)\n    at Promise._settlePromiseFromHandler (/Users/baiyunpeng/MyWorkspace/blog/node_modules/bluebird/js/release/promise.js:524:17)\n    at Promise._settlePromise (/Users/baiyunpeng/MyWorkspace/blog/node_modules/bluebird/js/release/promise.js:569:18)\n    at Promise._settlePromise0 (/Users/baiyunpeng/MyWorkspace/blog/node_modules/bluebird/js/release/promise.js:614:10)","code":"MODULE_NOT_FOUND"},"msg":"Cannot find module '/Users/baiyunpeng/MyWorkspace/blog/node_modules/hexo-material'","time":"2017-09-19T03:03:15.463Z","v":0}
{"name":"hexo","hostname":"localhost","pid":71211,"level":20,"msg":"Hexo version: \u001b[35m3.3.9\u001b[39m","time":"2017-09-19T03:04:27.640Z","v":0}
{"name":"hexo","hostname":"localhost","pid":71211,"level":20,"msg":"Working directory: \u001b[35m~/MyWorkspace/blog/\u001b[39m","time":"2017-09-19T03:04:27.643Z","v":0}
{"name":"hexo","hostname":"localhost","pid":71211,"level":20,"msg":"Config loaded: \u001b[35m~/MyWorkspace/blog/_config.yml\u001b[39m","time":"2017-09-19T03:04:27.706Z","v":0}
{"name":"hexo","hostname":"localhost","pid":71211,"level":60,"err":{"message":"Cannot find module '/Users/baiyunpeng/MyWorkspace/blog/node_modules/hexo-material'","name":"Error","stack":"Error: Cannot find module '/Users/baiyunpeng/MyWorkspace/blog/node_modules/hexo-material'\n    at Function.Module._resolveFilename (module.js:469:15)\n    at Function.resolve (internal/module.js:27:19)\n    at /Users/baiyunpeng/MyWorkspace/blog/node_modules/hexo/lib/hexo/load_plugins.js:51:24\n    at tryCatcher (/Users/baiyunpeng/MyWorkspace/blog/node_modules/bluebird/js/release/util.js:16:23)\n    at MappingPromiseArray._promiseFulfilled (/Users/baiyunpeng/MyWorkspace/blog/node_modules/bluebird/js/release/map.js:61:38)\n    at MappingPromiseArray.PromiseArray._iterate (/Users/baiyunpeng/MyWorkspace/blog/node_modules/bluebird/js/release/promise_array.js:114:31)\n    at MappingPromiseArray.init (/Users/baiyunpeng/MyWorkspace/blog/node_modules/bluebird/js/release/promise_array.js:78:10)\n    at Promise._settlePromise (/Users/baiyunpeng/MyWorkspace/blog/node_modules/bluebird/js/release/promise.js:566:21)\n    at Promise._settlePromise0 (/Users/baiyunpeng/MyWorkspace/blog/node_modules/bluebird/js/release/promise.js:614:10)\n    at Promise._settlePromises (/Users/baiyunpeng/MyWorkspace/blog/node_modules/bluebird/js/release/promise.js:693:18)\n    at Promise._fulfill (/Users/baiyunpeng/MyWorkspace/blog/node_modules/bluebird/js/release/promise.js:638:18)\n    at MappingPromiseArray.PromiseArray._resolve (/Users/baiyunpeng/MyWorkspace/blog/node_modules/bluebird/js/release/promise_array.js:126:19)\n    at MappingPromiseArray._filter (/Users/baiyunpeng/MyWorkspace/blog/node_modules/bluebird/js/release/map.js:127:10)\n    at MappingPromiseArray._promiseFulfilled (/Users/baiyunpeng/MyWorkspace/blog/node_modules/bluebird/js/release/map.js:99:18)\n    at Promise._settlePromise (/Users/baiyunpeng/MyWorkspace/blog/node_modules/bluebird/js/release/promise.js:574:26)\n    at Promise._settlePromise0 (/Users/baiyunpeng/MyWorkspace/blog/node_modules/bluebird/js/release/promise.js:614:10)\n    at Promise._settlePromises (/Users/baiyunpeng/MyWorkspace/blog/node_modules/bluebird/js/release/promise.js:693:18)\n    at Promise._fulfill (/Users/baiyunpeng/MyWorkspace/blog/node_modules/bluebird/js/release/promise.js:638:18)\n    at Promise._resolveCallback (/Users/baiyunpeng/MyWorkspace/blog/node_modules/bluebird/js/release/promise.js:432:57)\n    at Promise._settlePromiseFromHandler (/Users/baiyunpeng/MyWorkspace/blog/node_modules/bluebird/js/release/promise.js:524:17)\n    at Promise._settlePromise (/Users/baiyunpeng/MyWorkspace/blog/node_modules/bluebird/js/release/promise.js:569:18)\n    at Promise._settlePromise0 (/Users/baiyunpeng/MyWorkspace/blog/node_modules/bluebird/js/release/promise.js:614:10)","code":"MODULE_NOT_FOUND"},"msg":"Cannot find module '/Users/baiyunpeng/MyWorkspace/blog/node_modules/hexo-material'","time":"2017-09-19T03:04:27.714Z","v":0}
{"name":"hexo","hostname":"localhost","pid":71269,"level":20,"msg":"Hexo version: \u001b[35m3.3.9\u001b[39m","time":"2017-09-19T03:08:01.604Z","v":0}
{"name":"hexo","hostname":"localhost","pid":71269,"level":20,"msg":"Working directory: \u001b[35m~/MyWorkspace/blog/\u001b[39m","time":"2017-09-19T03:08:01.606Z","v":0}
{"name":"hexo","hostname":"localhost","pid":71269,"level":20,"msg":"Config loaded: \u001b[35m~/MyWorkspace/blog/_config.yml\u001b[39m","time":"2017-09-19T03:08:01.676Z","v":0}
{"name":"hexo","hostname":"localhost","pid":71269,"level":60,"err":{"message":"Cannot find module '/Users/baiyunpeng/MyWorkspace/blog/node_modules/hexo-material'","name":"Error","stack":"Error: Cannot find module '/Users/baiyunpeng/MyWorkspace/blog/node_modules/hexo-material'\n    at Function.Module._resolveFilename (module.js:469:15)\n    at Function.resolve (internal/module.js:27:19)\n    at /Users/baiyunpeng/MyWorkspace/blog/node_modules/hexo/lib/hexo/load_plugins.js:51:24\n    at tryCatcher (/Users/baiyunpeng/MyWorkspace/blog/node_modules/bluebird/js/release/util.js:16:23)\n    at MappingPromiseArray._promiseFulfilled (/Users/baiyunpeng/MyWorkspace/blog/node_modules/bluebird/js/release/map.js:61:38)\n    at MappingPromiseArray.PromiseArray._iterate (/Users/baiyunpeng/MyWorkspace/blog/node_modules/bluebird/js/release/promise_array.js:114:31)\n    at MappingPromiseArray.init (/Users/baiyunpeng/MyWorkspace/blog/node_modules/bluebird/js/release/promise_array.js:78:10)\n    at Promise._settlePromise (/Users/baiyunpeng/MyWorkspace/blog/node_modules/bluebird/js/release/promise.js:566:21)\n    at Promise._settlePromise0 (/Users/baiyunpeng/MyWorkspace/blog/node_modules/bluebird/js/release/promise.js:614:10)\n    at Promise._settlePromises (/Users/baiyunpeng/MyWorkspace/blog/node_modules/bluebird/js/release/promise.js:693:18)\n    at Promise._fulfill (/Users/baiyunpeng/MyWorkspace/blog/node_modules/bluebird/js/release/promise.js:638:18)\n    at MappingPromiseArray.PromiseArray._resolve (/Users/baiyunpeng/MyWorkspace/blog/node_modules/bluebird/js/release/promise_array.js:126:19)\n    at MappingPromiseArray._filter (/Users/baiyunpeng/MyWorkspace/blog/node_modules/bluebird/js/release/map.js:127:10)\n    at MappingPromiseArray._promiseFulfilled (/Users/baiyunpeng/MyWorkspace/blog/node_modules/bluebird/js/release/map.js:99:18)\n    at Promise._settlePromise (/Users/baiyunpeng/MyWorkspace/blog/node_modules/bluebird/js/release/promise.js:574:26)\n    at Promise._settlePromise0 (/Users/baiyunpeng/MyWorkspace/blog/node_modules/bluebird/js/release/promise.js:614:10)\n    at Promise._settlePromises (/Users/baiyunpeng/MyWorkspace/blog/node_modules/bluebird/js/release/promise.js:693:18)\n    at Promise._fulfill (/Users/baiyunpeng/MyWorkspace/blog/node_modules/bluebird/js/release/promise.js:638:18)\n    at Promise._resolveCallback (/Users/baiyunpeng/MyWorkspace/blog/node_modules/bluebird/js/release/promise.js:432:57)\n    at Promise._settlePromiseFromHandler (/Users/baiyunpeng/MyWorkspace/blog/node_modules/bluebird/js/release/promise.js:524:17)\n    at Promise._settlePromise (/Users/baiyunpeng/MyWorkspace/blog/node_modules/bluebird/js/release/promise.js:569:18)\n    at Promise._settlePromise0 (/Users/baiyunpeng/MyWorkspace/blog/node_modules/bluebird/js/release/promise.js:614:10)","code":"MODULE_NOT_FOUND"},"msg":"Cannot find module '/Users/baiyunpeng/MyWorkspace/blog/node_modules/hexo-material'","time":"2017-09-19T03:08:01.683Z","v":0}
{"name":"hexo","hostname":"localhost","pid":71373,"level":20,"msg":"Hexo version: \u001b[35m3.3.9\u001b[39m","time":"2017-09-19T03:13:11.779Z","v":0}
{"name":"hexo","hostname":"localhost","pid":71373,"level":20,"msg":"Working directory: \u001b[35m~/MyWorkspace/blog/\u001b[39m","time":"2017-09-19T03:13:11.781Z","v":0}
{"name":"hexo","hostname":"localhost","pid":71373,"level":20,"msg":"Config loaded: \u001b[35m~/MyWorkspace/blog/_config.yml\u001b[39m","time":"2017-09-19T03:13:11.846Z","v":0}
{"name":"hexo","hostname":"localhost","pid":71373,"level":60,"err":{"message":"Cannot find module '/Users/baiyunpeng/MyWorkspace/blog/node_modules/hexo-material'","name":"Error","stack":"Error: Cannot find module '/Users/baiyunpeng/MyWorkspace/blog/node_modules/hexo-material'\n    at Function.Module._resolveFilename (module.js:469:15)\n    at Function.resolve (internal/module.js:27:19)\n    at /Users/baiyunpeng/MyWorkspace/blog/node_modules/hexo/lib/hexo/load_plugins.js:51:24\n    at tryCatcher (/Users/baiyunpeng/MyWorkspace/blog/node_modules/bluebird/js/release/util.js:16:23)\n    at MappingPromiseArray._promiseFulfilled (/Users/baiyunpeng/MyWorkspace/blog/node_modules/bluebird/js/release/map.js:61:38)\n    at MappingPromiseArray.PromiseArray._iterate (/Users/baiyunpeng/MyWorkspace/blog/node_modules/bluebird/js/release/promise_array.js:114:31)\n    at MappingPromiseArray.init (/Users/baiyunpeng/MyWorkspace/blog/node_modules/bluebird/js/release/promise_array.js:78:10)\n    at Promise._settlePromise (/Users/baiyunpeng/MyWorkspace/blog/node_modules/bluebird/js/release/promise.js:566:21)\n    at Promise._settlePromise0 (/Users/baiyunpeng/MyWorkspace/blog/node_modules/bluebird/js/release/promise.js:614:10)\n    at Promise._settlePromises (/Users/baiyunpeng/MyWorkspace/blog/node_modules/bluebird/js/release/promise.js:693:18)\n    at Promise._fulfill (/Users/baiyunpeng/MyWorkspace/blog/node_modules/bluebird/js/release/promise.js:638:18)\n    at MappingPromiseArray.PromiseArray._resolve (/Users/baiyunpeng/MyWorkspace/blog/node_modules/bluebird/js/release/promise_array.js:126:19)\n    at MappingPromiseArray._filter (/Users/baiyunpeng/MyWorkspace/blog/node_modules/bluebird/js/release/map.js:127:10)\n    at MappingPromiseArray._promiseFulfilled (/Users/baiyunpeng/MyWorkspace/blog/node_modules/bluebird/js/release/map.js:99:18)\n    at Promise._settlePromise (/Users/baiyunpeng/MyWorkspace/blog/node_modules/bluebird/js/release/promise.js:574:26)\n    at Promise._settlePromise0 (/Users/baiyunpeng/MyWorkspace/blog/node_modules/bluebird/js/release/promise.js:614:10)\n    at Promise._settlePromises (/Users/baiyunpeng/MyWorkspace/blog/node_modules/bluebird/js/release/promise.js:693:18)\n    at Promise._fulfill (/Users/baiyunpeng/MyWorkspace/blog/node_modules/bluebird/js/release/promise.js:638:18)\n    at Promise._resolveCallback (/Users/baiyunpeng/MyWorkspace/blog/node_modules/bluebird/js/release/promise.js:432:57)\n    at Promise._settlePromiseFromHandler (/Users/baiyunpeng/MyWorkspace/blog/node_modules/bluebird/js/release/promise.js:524:17)\n    at Promise._settlePromise (/Users/baiyunpeng/MyWorkspace/blog/node_modules/bluebird/js/release/promise.js:569:18)\n    at Promise._settlePromise0 (/Users/baiyunpeng/MyWorkspace/blog/node_modules/bluebird/js/release/promise.js:614:10)","code":"MODULE_NOT_FOUND"},"msg":"Cannot find module '/Users/baiyunpeng/MyWorkspace/blog/node_modules/hexo-material'","time":"2017-09-19T03:13:11.853Z","v":0}
{"name":"hexo","hostname":"localhost","pid":71509,"level":20,"msg":"Hexo version: \u001b[35m3.3.9\u001b[39m","time":"2017-09-19T03:21:28.773Z","v":0}
{"name":"hexo","hostname":"localhost","pid":71509,"level":20,"msg":"Working directory: \u001b[35m~/MyWorkspace/blog/\u001b[39m","time":"2017-09-19T03:21:28.775Z","v":0}
{"name":"hexo","hostname":"localhost","pid":71509,"level":20,"msg":"Config loaded: \u001b[35m~/MyWorkspace/blog/_config.yml\u001b[39m","time":"2017-09-19T03:21:28.837Z","v":0}
{"name":"hexo","hostname":"localhost","pid":71509,"level":20,"msg":"Plugin loaded: \u001b[35mhexo-generator-archive\u001b[39m","time":"2017-09-19T03:21:28.846Z","v":0}
{"name":"hexo","hostname":"localhost","pid":71509,"level":20,"msg":"Plugin loaded: \u001b[35mhexo-generator-index\u001b[39m","time":"2017-09-19T03:21:28.847Z","v":0}
{"name":"hexo","hostname":"localhost","pid":71509,"level":20,"msg":"Plugin loaded: \u001b[35mhexo-generator-category\u001b[39m","time":"2017-09-19T03:21:28.849Z","v":0}
{"name":"hexo","hostname":"localhost","pid":71509,"level":20,"msg":"Plugin loaded: \u001b[35mhexo-generator-tag\u001b[39m","time":"2017-09-19T03:21:28.850Z","v":0}
{"name":"hexo","hostname":"localhost","pid":71509,"level":20,"msg":"Plugin loaded: \u001b[35mhexo-renderer-ejs\u001b[39m","time":"2017-09-19T03:21:28.853Z","v":0}
{"name":"hexo","hostname":"localhost","pid":71509,"level":20,"msg":"Plugin loaded: \u001b[35mhexo-renderer-marked\u001b[39m","time":"2017-09-19T03:21:28.857Z","v":0}
{"name":"hexo","hostname":"localhost","pid":71509,"level":20,"msg":"Plugin loaded: \u001b[35mhexo-renderer-stylus\u001b[39m","time":"2017-09-19T03:21:28.858Z","v":0}
{"name":"hexo","hostname":"localhost","pid":71509,"level":20,"msg":"Plugin loaded: \u001b[35mhexo-server\u001b[39m","time":"2017-09-19T03:21:28.918Z","v":0}
{"name":"hexo","hostname":"localhost","pid":71509,"level":20,"msg":"Script loaded: \u001b[35mthemes/material/scripts/helper.js\u001b[39m","time":"2017-09-19T03:21:28.924Z","v":0}
{"name":"hexo","hostname":"localhost","pid":71509,"level":20,"msg":"Script loaded: \u001b[35mthemes/material/scripts/lib/get_file_hex.js\u001b[39m","time":"2017-09-19T03:21:28.924Z","v":0}
{"name":"hexo","hostname":"localhost","pid":71509,"level":20,"msg":"Script loaded: \u001b[35mthemes/material/scripts/lib/css_lsload.js\u001b[39m","time":"2017-09-19T03:21:28.925Z","v":0}
{"name":"hexo","hostname":"localhost","pid":71509,"level":20,"msg":"Script loaded: \u001b[35mthemes/material/scripts/lib/font_lsload.js\u001b[39m","time":"2017-09-19T03:21:28.925Z","v":0}
{"name":"hexo","hostname":"localhost","pid":71509,"level":20,"msg":"Script loaded: \u001b[35mthemes/material/scripts/lib/js_hex.js\u001b[39m","time":"2017-09-19T03:21:28.926Z","v":0}
{"name":"hexo","hostname":"localhost","pid":71509,"level":20,"msg":"Script loaded: \u001b[35mthemes/material/scripts/lib/js_lsload.js\u001b[39m","time":"2017-09-19T03:21:28.926Z","v":0}
{"name":"hexo","hostname":"localhost","pid":71509,"level":20,"msg":"Script loaded: \u001b[35mthemes/material/scripts/lib/path_for.js\u001b[39m","time":"2017-09-19T03:21:28.926Z","v":0}
{"name":"hexo","hostname":"localhost","pid":71509,"level":30,"msg":"Start processing","time":"2017-09-19T03:21:28.933Z","v":0}
{"name":"hexo","hostname":"localhost","pid":71509,"level":20,"msg":"Theme config loaded.","time":"2017-09-19T03:21:29.042Z","v":0}
{"name":"hexo","hostname":"localhost","pid":71509,"level":20,"msg":"Processed: \u001b[35m_config.yml\u001b[39m","time":"2017-09-19T03:21:29.043Z","v":0}
{"name":"hexo","hostname":"localhost","pid":71509,"level":20,"msg":"Processed: \u001b[35msource/css/disqus-proxy.css\u001b[39m","time":"2017-09-19T03:21:29.056Z","v":0}
{"name":"hexo","hostname":"localhost","pid":71509,"level":20,"msg":"Processed: \u001b[35msource/css/disqus-proxy.min.css\u001b[39m","time":"2017-09-19T03:21:29.056Z","v":0}
{"name":"hexo","hostname":"localhost","pid":71509,"level":20,"msg":"Processed: \u001b[35msource/css/duoshuo.css\u001b[39m","time":"2017-09-19T03:21:29.056Z","v":0}
{"name":"hexo","hostname":"localhost","pid":71509,"level":20,"msg":"Processed: \u001b[35msource/css/duoshuo.min.css\u001b[39m","time":"2017-09-19T03:21:29.057Z","v":0}
{"name":"hexo","hostname":"localhost","pid":71509,"level":20,"msg":"Processed: \u001b[35msource/css/ie-blocker.css\u001b[39m","time":"2017-09-19T03:21:29.057Z","v":0}
{"name":"hexo","hostname":"localhost","pid":71509,"level":20,"msg":"Processed: \u001b[35msource/css/fontawesome.min.css\u001b[39m","time":"2017-09-19T03:21:29.057Z","v":0}
{"name":"hexo","hostname":"localhost","pid":71509,"level":20,"msg":"Processed: \u001b[35msource/css/gallery.min.css\u001b[39m","time":"2017-09-19T03:21:29.058Z","v":0}
{"name":"hexo","hostname":"localhost","pid":71509,"level":20,"msg":"Processed: \u001b[35msource/css/prettify.css\u001b[39m","time":"2017-09-19T03:21:29.058Z","v":0}
{"name":"hexo","hostname":"localhost","pid":71509,"level":20,"msg":"Processed: \u001b[35msource/css/prettify.min.css\u001b[39m","time":"2017-09-19T03:21:29.058Z","v":0}
{"name":"hexo","hostname":"localhost","pid":71509,"level":20,"msg":"Processed: \u001b[35msource/css/uc.css\u001b[39m","time":"2017-09-19T03:21:29.059Z","v":0}
{"name":"hexo","hostname":"localhost","pid":71509,"level":20,"msg":"Processed: \u001b[35msource/fonts/MaterialIcons-Regular.woff\u001b[39m","time":"2017-09-19T03:21:29.059Z","v":0}
{"name":"hexo","hostname":"localhost","pid":71509,"level":20,"msg":"Processed: \u001b[35msource/fonts/MaterialIcons-Regular.woff2\u001b[39m","time":"2017-09-19T03:21:29.059Z","v":0}
{"name":"hexo","hostname":"localhost","pid":71509,"level":20,"msg":"Processed: \u001b[35msource/img/avatar.png\u001b[39m","time":"2017-09-19T03:21:29.059Z","v":0}
{"name":"hexo","hostname":"localhost","pid":71509,"level":20,"msg":"Processed: \u001b[35msource/img/browserstack_logo.png\u001b[39m","time":"2017-09-19T03:21:29.061Z","v":0}
{"name":"hexo","hostname":"localhost","pid":71509,"level":20,"msg":"Processed: \u001b[35msource/img/bg.png\u001b[39m","time":"2017-09-19T03:21:29.061Z","v":0}
{"name":"hexo","hostname":"localhost","pid":71509,"level":20,"msg":"Processed: \u001b[35msource/img/favicon.png\u001b[39m","time":"2017-09-19T03:21:29.062Z","v":0}
{"name":"hexo","hostname":"localhost","pid":71509,"level":20,"msg":"Processed: \u001b[35msource/img/logo.png\u001b[39m","time":"2017-09-19T03:21:29.063Z","v":0}
{"name":"hexo","hostname":"localhost","pid":71509,"level":20,"msg":"Processed: \u001b[35msource/img/sidebar_header.png\u001b[39m","time":"2017-09-19T03:21:29.064Z","v":0}
{"name":"hexo","hostname":"localhost","pid":71509,"level":20,"msg":"Processed: \u001b[35msource/img/upyun_logo.svg\u001b[39m","time":"2017-09-19T03:21:29.066Z","v":0}
{"name":"hexo","hostname":"localhost","pid":71509,"level":20,"msg":"Processed: \u001b[35msource/js/Valine.min.js\u001b[39m","time":"2017-09-19T03:21:29.066Z","v":0}
{"name":"hexo","hostname":"localhost","pid":71509,"level":20,"msg":"Processed: \u001b[35msource/js/MathJax.js\u001b[39m","time":"2017-09-19T03:21:29.067Z","v":0}
{"name":"hexo","hostname":"localhost","pid":71509,"level":20,"msg":"Processed: \u001b[35msource/js/hanabi-browser-bundle.js\u001b[39m","time":"2017-09-19T03:21:29.067Z","v":0}
{"name":"hexo","hostname":"localhost","pid":71509,"level":20,"msg":"Processed: \u001b[35msource/js/ie-blocker.en.js\u001b[39m","time":"2017-09-19T03:21:29.067Z","v":0}
{"name":"hexo","hostname":"localhost","pid":71509,"level":20,"msg":"Processed: \u001b[35msource/js/ie-blocker.zhCN.js\u001b[39m","time":"2017-09-19T03:21:29.071Z","v":0}
{"name":"hexo","hostname":"localhost","pid":71509,"level":20,"msg":"Processed: \u001b[35msource/js/lazyload.min.js\u001b[39m","time":"2017-09-19T03:21:29.071Z","v":0}
{"name":"hexo","hostname":"localhost","pid":71509,"level":20,"msg":"Processed: \u001b[35msource/js/lsloader.js\u001b[39m","time":"2017-09-19T03:21:29.072Z","v":0}
{"name":"hexo","hostname":"localhost","pid":71509,"level":20,"msg":"Processed: \u001b[35msource/js/lsloader.min.js\u001b[39m","time":"2017-09-19T03:21:29.073Z","v":0}
{"name":"hexo","hostname":"localhost","pid":71509,"level":20,"msg":"Processed: \u001b[35msource/js/nprogress.js\u001b[39m","time":"2017-09-19T03:21:29.073Z","v":0}
{"name":"hexo","hostname":"localhost","pid":71509,"level":20,"msg":"Processed: \u001b[35msource/js/prettify.min.js\u001b[39m","time":"2017-09-19T03:21:29.073Z","v":0}
{"name":"hexo","hostname":"localhost","pid":71509,"level":20,"msg":"Processed: \u001b[35msource/js/queue.js\u001b[39m","time":"2017-09-19T03:21:29.074Z","v":0}
{"name":"hexo","hostname":"localhost","pid":71509,"level":20,"msg":"Processed: \u001b[35msource/js/queue.min.js\u001b[39m","time":"2017-09-19T03:21:29.074Z","v":0}
{"name":"hexo","hostname":"localhost","pid":71509,"level":20,"msg":"Processed: \u001b[35msource/js/smoothscroll.js\u001b[39m","time":"2017-09-19T03:21:29.074Z","v":0}
{"name":"hexo","hostname":"localhost","pid":71509,"level":20,"msg":"Processed: \u001b[35msource/css/material.min.css\u001b[39m","time":"2017-09-19T03:21:29.084Z","v":0}
{"name":"hexo","hostname":"localhost","pid":71509,"level":20,"msg":"Processed: \u001b[35msource/css/material.css\u001b[39m","time":"2017-09-19T03:21:29.086Z","v":0}
{"name":"hexo","hostname":"localhost","pid":71509,"level":20,"msg":"Processed: \u001b[35msource/css/style.css\u001b[39m","time":"2017-09-19T03:21:29.086Z","v":0}
{"name":"hexo","hostname":"localhost","pid":71509,"level":20,"msg":"Processed: \u001b[35msource/css/style.min.css\u001b[39m","time":"2017-09-19T03:21:29.086Z","v":0}
{"name":"hexo","hostname":"localhost","pid":71509,"level":20,"msg":"Processed: \u001b[35msource/fonts/MaterialIcons-Regular.ttf\u001b[39m","time":"2017-09-19T03:21:29.087Z","v":0}
{"name":"hexo","hostname":"localhost","pid":71509,"level":20,"msg":"Processed: \u001b[35msource/img/daily_pic.png\u001b[39m","time":"2017-09-19T03:21:29.087Z","v":0}
{"name":"hexo","hostname":"localhost","pid":71509,"level":20,"msg":"Processed: \u001b[35msource/fonts/fontawesome-webfont.woff\u001b[39m","time":"2017-09-19T03:21:29.088Z","v":0}
{"name":"hexo","hostname":"localhost","pid":71509,"level":20,"msg":"Processed: \u001b[35msource/fonts/fontawesome-webfont.woff2\u001b[39m","time":"2017-09-19T03:21:29.088Z","v":0}
{"name":"hexo","hostname":"localhost","pid":71509,"level":20,"msg":"Processed: \u001b[35msource/js/jquery.min.js\u001b[39m","time":"2017-09-19T03:21:29.088Z","v":0}
{"name":"hexo","hostname":"localhost","pid":71509,"level":20,"msg":"Processed: \u001b[35msource/js/js.js\u001b[39m","time":"2017-09-19T03:21:29.089Z","v":0}
{"name":"hexo","hostname":"localhost","pid":71509,"level":20,"msg":"Processed: \u001b[35msource/js/js.min.js\u001b[39m","time":"2017-09-19T03:21:29.089Z","v":0}
{"name":"hexo","hostname":"localhost","pid":71509,"level":20,"msg":"Processed: \u001b[35mlayout/index.ejs\u001b[39m","time":"2017-09-19T03:21:29.108Z","v":0}
{"name":"hexo","hostname":"localhost","pid":71509,"level":20,"msg":"Processed: \u001b[35mlayout/layout.ejs\u001b[39m","time":"2017-09-19T03:21:29.108Z","v":0}
{"name":"hexo","hostname":"localhost","pid":71509,"level":20,"msg":"Processed: \u001b[35mlayout/post.ejs\u001b[39m","time":"2017-09-19T03:21:29.108Z","v":0}
{"name":"hexo","hostname":"localhost","pid":71509,"level":20,"msg":"Processed: \u001b[35m_posts/hello-world.md\u001b[39m","time":"2017-09-19T03:21:29.119Z","v":0}
{"name":"hexo","hostname":"localhost","pid":71509,"level":20,"msg":"Processed: \u001b[35mlanguages/ar.yml\u001b[39m","time":"2017-09-19T03:21:29.120Z","v":0}
{"name":"hexo","hostname":"localhost","pid":71509,"level":20,"msg":"Processed: \u001b[35mlanguages/de.yml\u001b[39m","time":"2017-09-19T03:21:29.120Z","v":0}
{"name":"hexo","hostname":"localhost","pid":71509,"level":20,"msg":"Processed: \u001b[35mlanguages/en.yml\u001b[39m","time":"2017-09-19T03:21:29.120Z","v":0}
{"name":"hexo","hostname":"localhost","pid":71509,"level":20,"msg":"Processed: \u001b[35mlanguages/es.yml\u001b[39m","time":"2017-09-19T03:21:29.120Z","v":0}
{"name":"hexo","hostname":"localhost","pid":71509,"level":20,"msg":"Processed: \u001b[35mlanguages/fr.yml\u001b[39m","time":"2017-09-19T03:21:29.120Z","v":0}
{"name":"hexo","hostname":"localhost","pid":71509,"level":20,"msg":"Processed: \u001b[35mlanguages/ja.yml\u001b[39m","time":"2017-09-19T03:21:29.120Z","v":0}
{"name":"hexo","hostname":"localhost","pid":71509,"level":20,"msg":"Processed: \u001b[35mlanguages/ms.yml\u001b[39m","time":"2017-09-19T03:21:29.120Z","v":0}
{"name":"hexo","hostname":"localhost","pid":71509,"level":20,"msg":"Processed: \u001b[35mlanguages/pt-BR.yml\u001b[39m","time":"2017-09-19T03:21:29.120Z","v":0}
{"name":"hexo","hostname":"localhost","pid":71509,"level":20,"msg":"Processed: \u001b[35mlanguages/zh-CN.yml\u001b[39m","time":"2017-09-19T03:21:29.120Z","v":0}
{"name":"hexo","hostname":"localhost","pid":71509,"level":20,"msg":"Processed: \u001b[35mlanguages/zh-TW.yml\u001b[39m","time":"2017-09-19T03:21:29.121Z","v":0}
{"name":"hexo","hostname":"localhost","pid":71509,"level":20,"msg":"Processed: \u001b[35msource/css/prettify/atelier-cave-dark.min.css\u001b[39m","time":"2017-09-19T03:21:29.125Z","v":0}
{"name":"hexo","hostname":"localhost","pid":71509,"level":20,"msg":"Processed: \u001b[35msource/css/prettify/atelier-dune-dark.min.css\u001b[39m","time":"2017-09-19T03:21:29.125Z","v":0}
{"name":"hexo","hostname":"localhost","pid":71509,"level":20,"msg":"Processed: \u001b[35msource/css/prettify/atelier-cave-light.min.css\u001b[39m","time":"2017-09-19T03:21:29.126Z","v":0}
{"name":"hexo","hostname":"localhost","pid":71509,"level":20,"msg":"Processed: \u001b[35msource/css/prettify/atelier-dune-light.min.css\u001b[39m","time":"2017-09-19T03:21:29.126Z","v":0}
{"name":"hexo","hostname":"localhost","pid":71509,"level":20,"msg":"Processed: \u001b[35msource/css/prettify/atelier-estuary-dark.min.css\u001b[39m","time":"2017-09-19T03:21:29.126Z","v":0}
{"name":"hexo","hostname":"localhost","pid":71509,"level":20,"msg":"Processed: \u001b[35msource/css/prettify/atelier-forest-dark.min.css\u001b[39m","time":"2017-09-19T03:21:29.127Z","v":0}
{"name":"hexo","hostname":"localhost","pid":71509,"level":20,"msg":"Processed: \u001b[35msource/css/prettify/atelier-estuary-light.min.css\u001b[39m","time":"2017-09-19T03:21:29.127Z","v":0}
{"name":"hexo","hostname":"localhost","pid":71509,"level":20,"msg":"Processed: \u001b[35msource/css/prettify/atelier-forest-light.min.css\u001b[39m","time":"2017-09-19T03:21:29.128Z","v":0}
{"name":"hexo","hostname":"localhost","pid":71509,"level":20,"msg":"Processed: \u001b[35msource/css/prettify/atelier-heath-dark.min.css\u001b[39m","time":"2017-09-19T03:21:29.128Z","v":0}
{"name":"hexo","hostname":"localhost","pid":71509,"level":20,"msg":"Processed: \u001b[35msource/css/prettify/atelier-heath-light.min.css\u001b[39m","time":"2017-09-19T03:21:29.128Z","v":0}
{"name":"hexo","hostname":"localhost","pid":71509,"level":20,"msg":"Processed: \u001b[35msource/css/prettify/atelier-lakeside-light.min.css\u001b[39m","time":"2017-09-19T03:21:29.129Z","v":0}
{"name":"hexo","hostname":"localhost","pid":71509,"level":20,"msg":"Processed: \u001b[35msource/css/prettify/atelier-lakeside-dark.min.css\u001b[39m","time":"2017-09-19T03:21:29.129Z","v":0}
{"name":"hexo","hostname":"localhost","pid":71509,"level":20,"msg":"Processed: \u001b[35msource/css/prettify/atelier-plateau-dark.min.css\u001b[39m","time":"2017-09-19T03:21:29.129Z","v":0}
{"name":"hexo","hostname":"localhost","pid":71509,"level":20,"msg":"Processed: \u001b[35msource/css/prettify/atelier-plateau-light.min.css\u001b[39m","time":"2017-09-19T03:21:29.130Z","v":0}
{"name":"hexo","hostname":"localhost","pid":71509,"level":20,"msg":"Processed: \u001b[35msource/css/prettify/atelier-savanna-dark.min.css\u001b[39m","time":"2017-09-19T03:21:29.130Z","v":0}
{"name":"hexo","hostname":"localhost","pid":71509,"level":20,"msg":"Processed: \u001b[35msource/css/prettify/atelier-savanna-light.min.css\u001b[39m","time":"2017-09-19T03:21:29.131Z","v":0}
{"name":"hexo","hostname":"localhost","pid":71509,"level":20,"msg":"Processed: \u001b[35msource/css/prettify/atelier-seaside-dark.min.css\u001b[39m","time":"2017-09-19T03:21:29.131Z","v":0}
{"name":"hexo","hostname":"localhost","pid":71509,"level":20,"msg":"Processed: \u001b[35msource/css/prettify/atelier-seaside-light.min.css\u001b[39m","time":"2017-09-19T03:21:29.132Z","v":0}
{"name":"hexo","hostname":"localhost","pid":71509,"level":20,"msg":"Processed: \u001b[35msource/css/prettify/atelier-sulphurpool-dark.min.css\u001b[39m","time":"2017-09-19T03:21:29.132Z","v":0}
{"name":"hexo","hostname":"localhost","pid":71509,"level":20,"msg":"Processed: \u001b[35msource/css/prettify/atelier-sulphurpool-light.min.css\u001b[39m","time":"2017-09-19T03:21:29.132Z","v":0}
{"name":"hexo","hostname":"localhost","pid":71509,"level":20,"msg":"Processed: \u001b[35msource/css/prettify/github-v2.min.css\u001b[39m","time":"2017-09-19T03:21:29.133Z","v":0}
{"name":"hexo","hostname":"localhost","pid":71509,"level":20,"msg":"Processed: \u001b[35msource/css/prettify/github.min.css\u001b[39m","time":"2017-09-19T03:21:29.133Z","v":0}
{"name":"hexo","hostname":"localhost","pid":71509,"level":20,"msg":"Processed: \u001b[35msource/css/prettify/hemisu-dark.min.css\u001b[39m","time":"2017-09-19T03:21:29.133Z","v":0}
{"name":"hexo","hostname":"localhost","pid":71509,"level":20,"msg":"Processed: \u001b[35msource/css/prettify/hemisu-light.min.css\u001b[39m","time":"2017-09-19T03:21:29.134Z","v":0}
{"name":"hexo","hostname":"localhost","pid":71509,"level":20,"msg":"Processed: \u001b[35msource/css/prettify/tomorrow-night-blue.min.css\u001b[39m","time":"2017-09-19T03:21:29.134Z","v":0}
{"name":"hexo","hostname":"localhost","pid":71509,"level":20,"msg":"Processed: \u001b[35msource/css/prettify/tomorrow-night-bright.min.css\u001b[39m","time":"2017-09-19T03:21:29.134Z","v":0}
{"name":"hexo","hostname":"localhost","pid":71509,"level":20,"msg":"Processed: \u001b[35msource/css/prettify/tomorrow-night-eighties.min.css\u001b[39m","time":"2017-09-19T03:21:29.135Z","v":0}
{"name":"hexo","hostname":"localhost","pid":71509,"level":20,"msg":"Processed: \u001b[35msource/css/prettify/tomorrow-night.min.css\u001b[39m","time":"2017-09-19T03:21:29.135Z","v":0}
{"name":"hexo","hostname":"localhost","pid":71509,"level":20,"msg":"Processed: \u001b[35msource/css/prettify/tomorrow.min.css\u001b[39m","time":"2017-09-19T03:21:29.135Z","v":0}
{"name":"hexo","hostname":"localhost","pid":71509,"level":20,"msg":"Processed: \u001b[35msource/css/prettify/tranquil-heart.min.css\u001b[39m","time":"2017-09-19T03:21:29.135Z","v":0}
{"name":"hexo","hostname":"localhost","pid":71509,"level":20,"msg":"Processed: \u001b[35msource/css/prettify/vibrant-ink.min.css\u001b[39m","time":"2017-09-19T03:21:29.136Z","v":0}
{"name":"hexo","hostname":"localhost","pid":71509,"level":20,"msg":"Processed: \u001b[35msource/fonts/FontAwesome.otf\u001b[39m","time":"2017-09-19T03:21:29.136Z","v":0}
{"name":"hexo","hostname":"localhost","pid":71509,"level":20,"msg":"Processed: \u001b[35msource/fonts/MaterialIcons-Regular.eot\u001b[39m","time":"2017-09-19T03:21:29.136Z","v":0}
{"name":"hexo","hostname":"localhost","pid":71509,"level":20,"msg":"Processed: \u001b[35msource/fonts/fontawesome-webfont.eot\u001b[39m","time":"2017-09-19T03:21:29.137Z","v":0}
{"name":"hexo","hostname":"localhost","pid":71509,"level":20,"msg":"Processed: \u001b[35msource/fonts/fontawesome-webfont.ttf\u001b[39m","time":"2017-09-19T03:21:29.137Z","v":0}
{"name":"hexo","hostname":"localhost","pid":71509,"level":20,"msg":"Processed: \u001b[35msource/img/footer/footer_ico-bilibili.svg\u001b[39m","time":"2017-09-19T03:21:29.137Z","v":0}
{"name":"hexo","hostname":"localhost","pid":71509,"level":20,"msg":"Processed: \u001b[35msource/img/footer/footer_ico-facebook.svg\u001b[39m","time":"2017-09-19T03:21:29.138Z","v":0}
{"name":"hexo","hostname":"localhost","pid":71509,"level":20,"msg":"Processed: \u001b[35msource/img/footer/footer_ico-github.svg\u001b[39m","time":"2017-09-19T03:21:29.138Z","v":0}
{"name":"hexo","hostname":"localhost","pid":71509,"level":20,"msg":"Processed: \u001b[35msource/img/footer/footer_ico-instagram.svg\u001b[39m","time":"2017-09-19T03:21:29.138Z","v":0}
{"name":"hexo","hostname":"localhost","pid":71509,"level":20,"msg":"Processed: \u001b[35msource/img/footer/footer_ico-linkedin.svg\u001b[39m","time":"2017-09-19T03:21:29.138Z","v":0}
{"name":"hexo","hostname":"localhost","pid":71509,"level":20,"msg":"Processed: \u001b[35msource/img/footer/footer_ico-tumblr.svg\u001b[39m","time":"2017-09-19T03:21:29.140Z","v":0}
{"name":"hexo","hostname":"localhost","pid":71509,"level":20,"msg":"Processed: \u001b[35msource/img/footer/footer_ico-gplus.svg\u001b[39m","time":"2017-09-19T03:21:29.140Z","v":0}
{"name":"hexo","hostname":"localhost","pid":71509,"level":20,"msg":"Processed: \u001b[35msource/img/footer/footer_ico-telegram.svg\u001b[39m","time":"2017-09-19T03:21:29.140Z","v":0}
{"name":"hexo","hostname":"localhost","pid":71509,"level":20,"msg":"Processed: \u001b[35msource/img/footer/footer_ico-twitter.svg\u001b[39m","time":"2017-09-19T03:21:29.141Z","v":0}
{"name":"hexo","hostname":"localhost","pid":71509,"level":20,"msg":"Processed: \u001b[35msource/img/footer/footer_ico-v2ex.svg\u001b[39m","time":"2017-09-19T03:21:29.141Z","v":0}
{"name":"hexo","hostname":"localhost","pid":71509,"level":20,"msg":"Processed: \u001b[35msource/img/footer/footer_ico-weibo.svg\u001b[39m","time":"2017-09-19T03:21:29.142Z","v":0}
{"name":"hexo","hostname":"localhost","pid":71509,"level":20,"msg":"Processed: \u001b[35msource/img/footer/footer_ico-zhihu.svg\u001b[39m","time":"2017-09-19T03:21:29.142Z","v":0}
{"name":"hexo","hostname":"localhost","pid":71509,"level":20,"msg":"Processed: \u001b[35msource/img/gallery/arrow.svg\u001b[39m","time":"2017-09-19T03:21:29.143Z","v":0}
{"name":"hexo","hostname":"localhost","pid":71509,"level":20,"msg":"Processed: \u001b[35msource/img/gallery/close.svg\u001b[39m","time":"2017-09-19T03:21:29.143Z","v":0}
{"name":"hexo","hostname":"localhost","pid":71509,"level":20,"msg":"Processed: \u001b[35msource/img/gallery/spinner.svg\u001b[39m","time":"2017-09-19T03:21:29.143Z","v":0}
{"name":"hexo","hostname":"localhost","pid":71509,"level":20,"msg":"Processed: \u001b[35msource/img/random/material-12.png\u001b[39m","time":"2017-09-19T03:21:29.144Z","v":0}
{"name":"hexo","hostname":"localhost","pid":71509,"level":20,"msg":"Processed: \u001b[35msource/img/random/material-10.png\u001b[39m","time":"2017-09-19T03:21:29.144Z","v":0}
{"name":"hexo","hostname":"localhost","pid":71509,"level":20,"msg":"Processed: \u001b[35msource/img/random/material-17.png\u001b[39m","time":"2017-09-19T03:21:29.144Z","v":0}
{"name":"hexo","hostname":"localhost","pid":71509,"level":20,"msg":"Processed: \u001b[35msource/img/random/material-19.png\u001b[39m","time":"2017-09-19T03:21:29.145Z","v":0}
{"name":"hexo","hostname":"localhost","pid":71509,"level":20,"msg":"Processed: \u001b[35msource/img/random/material-3.png\u001b[39m","time":"2017-09-19T03:21:29.145Z","v":0}
{"name":"hexo","hostname":"localhost","pid":71509,"level":20,"msg":"Processed: \u001b[35msource/img/random/material-4.png\u001b[39m","time":"2017-09-19T03:21:29.146Z","v":0}
{"name":"hexo","hostname":"localhost","pid":71509,"level":20,"msg":"Processed: \u001b[35msource/img/random/material-6.png\u001b[39m","time":"2017-09-19T03:21:29.146Z","v":0}
{"name":"hexo","hostname":"localhost","pid":71509,"level":20,"msg":"Processed: \u001b[35msource/img/random/material-8.png\u001b[39m","time":"2017-09-19T03:21:29.146Z","v":0}
{"name":"hexo","hostname":"localhost","pid":71509,"level":20,"msg":"Processed: \u001b[35msource/img/random/material-9.png\u001b[39m","time":"2017-09-19T03:21:29.146Z","v":0}
{"name":"hexo","hostname":"localhost","pid":71509,"level":20,"msg":"Processed: \u001b[35msource/js/gallery/gallery.js\u001b[39m","time":"2017-09-19T03:21:29.146Z","v":0}
{"name":"hexo","hostname":"localhost","pid":71509,"level":20,"msg":"Processed: \u001b[35mlayout/_partial/Isolation-post-info.ejs\u001b[39m","time":"2017-09-19T03:21:29.164Z","v":0}
{"name":"hexo","hostname":"localhost","pid":71509,"level":20,"msg":"Processed: \u001b[35msource/img/random/material-1.png\u001b[39m","time":"2017-09-19T03:21:29.175Z","v":0}
{"name":"hexo","hostname":"localhost","pid":71509,"level":20,"msg":"Processed: \u001b[35msource/img/random/material-13.png\u001b[39m","time":"2017-09-19T03:21:29.175Z","v":0}
{"name":"hexo","hostname":"localhost","pid":71509,"level":20,"msg":"Processed: \u001b[35msource/img/random/material-11.png\u001b[39m","time":"2017-09-19T03:21:29.175Z","v":0}
{"name":"hexo","hostname":"localhost","pid":71509,"level":20,"msg":"Processed: \u001b[35msource/img/random/material-14.png\u001b[39m","time":"2017-09-19T03:21:29.176Z","v":0}
{"name":"hexo","hostname":"localhost","pid":71509,"level":20,"msg":"Processed: \u001b[35msource/img/random/material-15.png\u001b[39m","time":"2017-09-19T03:21:29.177Z","v":0}
{"name":"hexo","hostname":"localhost","pid":71509,"level":20,"msg":"Processed: \u001b[35msource/img/random/material-16.png\u001b[39m","time":"2017-09-19T03:21:29.177Z","v":0}
{"name":"hexo","hostname":"localhost","pid":71509,"level":20,"msg":"Processed: \u001b[35msource/img/random/material-18.png\u001b[39m","time":"2017-09-19T03:21:29.177Z","v":0}
{"name":"hexo","hostname":"localhost","pid":71509,"level":20,"msg":"Processed: \u001b[35msource/img/random/material-2.png\u001b[39m","time":"2017-09-19T03:21:29.177Z","v":0}
{"name":"hexo","hostname":"localhost","pid":71509,"level":20,"msg":"Processed: \u001b[35msource/img/random/material-7.png\u001b[39m","time":"2017-09-19T03:21:29.177Z","v":0}
{"name":"hexo","hostname":"localhost","pid":71509,"level":20,"msg":"Processed: \u001b[35msource/img/random/material-5.png\u001b[39m","time":"2017-09-19T03:21:29.178Z","v":0}
{"name":"hexo","hostname":"localhost","pid":71509,"level":20,"msg":"Processed: \u001b[35mlayout/_partial/Paradox-post-info.ejs\u001b[39m","time":"2017-09-19T03:21:29.210Z","v":0}
{"name":"hexo","hostname":"localhost","pid":71509,"level":20,"msg":"Processed: \u001b[35mlayout/_partial/Isolation-post_entry.ejs\u001b[39m","time":"2017-09-19T03:21:29.210Z","v":0}
{"name":"hexo","hostname":"localhost","pid":71509,"level":20,"msg":"Processed: \u001b[35mlayout/_partial/Paradox-post-thumbnail.ejs\u001b[39m","time":"2017-09-19T03:21:29.210Z","v":0}
{"name":"hexo","hostname":"localhost","pid":71509,"level":20,"msg":"Processed: \u001b[35mlayout/_partial/Paradox-post_entry-thumbnail.ejs\u001b[39m","time":"2017-09-19T03:21:29.210Z","v":0}
{"name":"hexo","hostname":"localhost","pid":71509,"level":20,"msg":"Processed: \u001b[35mlayout/_partial/Paradox-search.ejs\u001b[39m","time":"2017-09-19T03:21:29.210Z","v":0}
{"name":"hexo","hostname":"localhost","pid":71509,"level":20,"msg":"Processed: \u001b[35mlayout/_partial/Paradox-post_entry.ejs\u001b[39m","time":"2017-09-19T03:21:29.210Z","v":0}
{"name":"hexo","hostname":"localhost","pid":71509,"level":20,"msg":"Processed: \u001b[35mlayout/_partial/blog_info.ejs\u001b[39m","time":"2017-09-19T03:21:29.210Z","v":0}
{"name":"hexo","hostname":"localhost","pid":71509,"level":20,"msg":"Processed: \u001b[35mlayout/_partial/comment.ejs\u001b[39m","time":"2017-09-19T03:21:29.210Z","v":0}
{"name":"hexo","hostname":"localhost","pid":71509,"level":20,"msg":"Processed: \u001b[35mlayout/_partial/config_css.ejs\u001b[39m","time":"2017-09-19T03:21:29.211Z","v":0}
{"name":"hexo","hostname":"localhost","pid":71509,"level":20,"msg":"Processed: \u001b[35mlayout/_partial/config_font.ejs\u001b[39m","time":"2017-09-19T03:21:29.211Z","v":0}
{"name":"hexo","hostname":"localhost","pid":71509,"level":20,"msg":"Processed: \u001b[35mlayout/_partial/daily_pic.ejs\u001b[39m","time":"2017-09-19T03:21:29.211Z","v":0}
{"name":"hexo","hostname":"localhost","pid":71509,"level":20,"msg":"Processed: \u001b[35mlayout/_partial/footer-left.ejs\u001b[39m","time":"2017-09-19T03:21:29.211Z","v":0}
{"name":"hexo","hostname":"localhost","pid":71509,"level":20,"msg":"Processed: \u001b[35mlayout/_partial/footer-option.ejs\u001b[39m","time":"2017-09-19T03:21:29.211Z","v":0}
{"name":"hexo","hostname":"localhost","pid":71509,"level":20,"msg":"Processed: \u001b[35mlayout/_partial/footer_top.ejs\u001b[39m","time":"2017-09-19T03:21:29.211Z","v":0}
{"name":"hexo","hostname":"localhost","pid":71509,"level":20,"msg":"Processed: \u001b[35mlayout/_partial/footer.ejs\u001b[39m","time":"2017-09-19T03:21:29.211Z","v":0}
{"name":"hexo","hostname":"localhost","pid":71509,"level":20,"msg":"Processed: \u001b[35mlayout/_partial/import_js.ejs\u001b[39m","time":"2017-09-19T03:21:29.211Z","v":0}
{"name":"hexo","hostname":"localhost","pid":71509,"level":20,"msg":"Processed: \u001b[35mlayout/_partial/isolate_info.ejs\u001b[39m","time":"2017-09-19T03:21:29.211Z","v":0}
{"name":"hexo","hostname":"localhost","pid":71509,"level":20,"msg":"Processed: \u001b[35mlayout/_partial/head.ejs\u001b[39m","time":"2017-09-19T03:21:29.214Z","v":0}
{"name":"hexo","hostname":"localhost","pid":71509,"level":20,"msg":"Processed: \u001b[35mlayout/_partial/post-content.ejs\u001b[39m","time":"2017-09-19T03:21:29.214Z","v":0}
{"name":"hexo","hostname":"localhost","pid":71509,"level":20,"msg":"Processed: \u001b[35mlayout/_partial/isolate-sns_list.ejs\u001b[39m","time":"2017-09-19T03:21:29.214Z","v":0}
{"name":"hexo","hostname":"localhost","pid":71509,"level":20,"msg":"Processed: \u001b[35mlayout/_partial/post-header.ejs\u001b[39m","time":"2017-09-19T03:21:29.214Z","v":0}
{"name":"hexo","hostname":"localhost","pid":71509,"level":20,"msg":"Processed: \u001b[35mlayout/_partial/post-nav.ejs\u001b[39m","time":"2017-09-19T03:21:29.214Z","v":0}
{"name":"hexo","hostname":"localhost","pid":71509,"level":20,"msg":"Processed: \u001b[35mlayout/_partial/post-info-share.ejs\u001b[39m","time":"2017-09-19T03:21:29.214Z","v":0}
{"name":"hexo","hostname":"localhost","pid":71509,"level":20,"msg":"Processed: \u001b[35mlayout/_partial/sidebar-footer.ejs\u001b[39m","time":"2017-09-19T03:21:29.214Z","v":0}
{"name":"hexo","hostname":"localhost","pid":71509,"level":20,"msg":"Processed: \u001b[35mlayout/_partial/sidebar-footer_image.ejs\u001b[39m","time":"2017-09-19T03:21:29.214Z","v":0}
{"name":"hexo","hostname":"localhost","pid":71509,"level":20,"msg":"Processed: \u001b[35mlayout/_partial/sidebar-header.ejs\u001b[39m","time":"2017-09-19T03:21:29.214Z","v":0}
{"name":"hexo","hostname":"localhost","pid":71509,"level":20,"msg":"Processed: \u001b[35mlayout/_partial/sidebar-navigation.ejs\u001b[39m","time":"2017-09-19T03:21:29.214Z","v":0}
{"name":"hexo","hostname":"localhost","pid":71509,"level":20,"msg":"Processed: \u001b[35mlayout/_partial/sidebar.ejs\u001b[39m","time":"2017-09-19T03:21:29.214Z","v":0}
{"name":"hexo","hostname":"localhost","pid":71509,"level":20,"msg":"Processed: \u001b[35mlayout/_partial/structured-data.ejs\u001b[39m","time":"2017-09-19T03:21:29.214Z","v":0}
{"name":"hexo","hostname":"localhost","pid":71509,"level":20,"msg":"Processed: \u001b[35mlayout/_partial/toc_button.ejs\u001b[39m","time":"2017-09-19T03:21:29.214Z","v":0}
{"name":"hexo","hostname":"localhost","pid":71509,"level":20,"msg":"Processed: \u001b[35mlayout/_widget/dnsprefetch.ejs\u001b[39m","time":"2017-09-19T03:21:29.214Z","v":0}
{"name":"hexo","hostname":"localhost","pid":71509,"level":20,"msg":"Processed: \u001b[35mlayout/_widget/leancloud-like.ejs\u001b[39m","time":"2017-09-19T03:21:29.214Z","v":0}
{"name":"hexo","hostname":"localhost","pid":71509,"level":20,"msg":"Processed: \u001b[35mlayout/_widget/leancloud-views.ejs\u001b[39m","time":"2017-09-19T03:21:29.215Z","v":0}
{"name":"hexo","hostname":"localhost","pid":71509,"level":20,"msg":"Processed: \u001b[35mlayout/_widget/leancloud-views_num.ejs\u001b[39m","time":"2017-09-19T03:21:29.215Z","v":0}
{"name":"hexo","hostname":"localhost","pid":71509,"level":20,"msg":"Processed: \u001b[35mlayout/_widget/mathjax.ejs\u001b[39m","time":"2017-09-19T03:21:29.215Z","v":0}
{"name":"hexo","hostname":"localhost","pid":71509,"level":20,"msg":"Processed: \u001b[35mlayout/_widget/nprogress.ejs\u001b[39m","time":"2017-09-19T03:21:29.215Z","v":0}
{"name":"hexo","hostname":"localhost","pid":71509,"level":20,"msg":"Processed: \u001b[35mlayout/_widget/page-gallery.ejs\u001b[39m","time":"2017-09-19T03:21:29.215Z","v":0}
{"name":"hexo","hostname":"localhost","pid":71509,"level":20,"msg":"Processed: \u001b[35mlayout/_widget/page-tagcloud.ejs\u001b[39m","time":"2017-09-19T03:21:29.215Z","v":0}
{"name":"hexo","hostname":"localhost","pid":71509,"level":20,"msg":"Processed: \u001b[35mlayout/_widget/page-links.ejs\u001b[39m","time":"2017-09-19T03:21:29.215Z","v":0}
{"name":"hexo","hostname":"localhost","pid":71509,"level":20,"msg":"Processed: \u001b[35mlayout/_widget/page-timeline.ejs\u001b[39m","time":"2017-09-19T03:21:29.215Z","v":0}
{"name":"hexo","hostname":"localhost","pid":71509,"level":20,"msg":"Processed: \u001b[35mlayout/_widget/qrcode.ejs\u001b[39m","time":"2017-09-19T03:21:29.215Z","v":0}
{"name":"hexo","hostname":"localhost","pid":71509,"level":20,"msg":"Processed: \u001b[35mlayout/_widget/search-local-js.ejs\u001b[39m","time":"2017-09-19T03:21:29.215Z","v":0}
{"name":"hexo","hostname":"localhost","pid":71509,"level":20,"msg":"Processed: \u001b[35mlayout/_widget/search-swiftype-js.ejs\u001b[39m","time":"2017-09-19T03:21:29.215Z","v":0}
{"name":"hexo","hostname":"localhost","pid":71509,"level":20,"msg":"Processed: \u001b[35mlayout/_widget/analytics/baidu-analytics.ejs\u001b[39m","time":"2017-09-19T03:21:29.223Z","v":0}
{"name":"hexo","hostname":"localhost","pid":71509,"level":20,"msg":"Processed: \u001b[35mlayout/_widget/analytics/cnzz-analytics.ejs\u001b[39m","time":"2017-09-19T03:21:29.223Z","v":0}
{"name":"hexo","hostname":"localhost","pid":71509,"level":20,"msg":"Processed: \u001b[35mlayout/_widget/analytics/google-analytics.ejs\u001b[39m","time":"2017-09-19T03:21:29.223Z","v":0}
{"name":"hexo","hostname":"localhost","pid":71509,"level":20,"msg":"Processed: \u001b[35msource/fonts/fontawesome-webfont.svg\u001b[39m","time":"2017-09-19T03:21:29.224Z","v":0}
{"name":"hexo","hostname":"localhost","pid":71509,"level":20,"msg":"Processed: \u001b[35mlayout/_widget/comment/livere/common.ejs\u001b[39m","time":"2017-09-19T03:21:29.228Z","v":0}
{"name":"hexo","hostname":"localhost","pid":71509,"level":20,"msg":"Processed: \u001b[35msource/fonts/Roboto-Black.ttf\u001b[39m","time":"2017-09-19T03:21:29.229Z","v":0}
{"name":"hexo","hostname":"localhost","pid":71509,"level":20,"msg":"Processed: \u001b[35msource/fonts/Roboto-Bold.ttf\u001b[39m","time":"2017-09-19T03:21:29.229Z","v":0}
{"name":"hexo","hostname":"localhost","pid":71509,"level":20,"msg":"Processed: \u001b[35msource/fonts/Roboto-Light.ttf\u001b[39m","time":"2017-09-19T03:21:29.230Z","v":0}
{"name":"hexo","hostname":"localhost","pid":71509,"level":20,"msg":"Processed: \u001b[35msource/fonts/Roboto-Medium.ttf\u001b[39m","time":"2017-09-19T03:21:29.230Z","v":0}
{"name":"hexo","hostname":"localhost","pid":71509,"level":20,"msg":"Processed: \u001b[35msource/fonts/Roboto-Regular.ttf\u001b[39m","time":"2017-09-19T03:21:29.230Z","v":0}
{"name":"hexo","hostname":"localhost","pid":71509,"level":20,"msg":"Processed: \u001b[35msource/fonts/Roboto-Thin.ttf\u001b[39m","time":"2017-09-19T03:21:29.230Z","v":0}
{"name":"hexo","hostname":"localhost","pid":71509,"level":20,"msg":"Processed: \u001b[35mlayout/_widget/comment/changyan/common.ejs\u001b[39m","time":"2017-09-19T03:21:29.234Z","v":0}
{"name":"hexo","hostname":"localhost","pid":71509,"level":20,"msg":"Processed: \u001b[35mlayout/_widget/comment/changyan/enter.ejs\u001b[39m","time":"2017-09-19T03:21:29.234Z","v":0}
{"name":"hexo","hostname":"localhost","pid":71509,"level":20,"msg":"Processed: \u001b[35mlayout/_widget/comment/changyan/main.ejs\u001b[39m","time":"2017-09-19T03:21:29.234Z","v":0}
{"name":"hexo","hostname":"localhost","pid":71509,"level":20,"msg":"Processed: \u001b[35mlayout/_widget/comment/disqus/enter.ejs\u001b[39m","time":"2017-09-19T03:21:29.234Z","v":0}
{"name":"hexo","hostname":"localhost","pid":71509,"level":20,"msg":"Processed: \u001b[35mlayout/_widget/comment/disqus/main.ejs\u001b[39m","time":"2017-09-19T03:21:29.234Z","v":0}
{"name":"hexo","hostname":"localhost","pid":71509,"level":20,"msg":"Processed: \u001b[35mlayout/_widget/comment/disqus/common.ejs\u001b[39m","time":"2017-09-19T03:21:29.234Z","v":0}
{"name":"hexo","hostname":"localhost","pid":71509,"level":20,"msg":"Processed: \u001b[35mlayout/_widget/comment/disqus_click/common.ejs\u001b[39m","time":"2017-09-19T03:21:29.234Z","v":0}
{"name":"hexo","hostname":"localhost","pid":71509,"level":20,"msg":"Processed: \u001b[35mlayout/_widget/comment/disqus_click/enter.ejs\u001b[39m","time":"2017-09-19T03:21:29.234Z","v":0}
{"name":"hexo","hostname":"localhost","pid":71509,"level":20,"msg":"Processed: \u001b[35mlayout/_widget/comment/disqus_click/main.ejs\u001b[39m","time":"2017-09-19T03:21:29.235Z","v":0}
{"name":"hexo","hostname":"localhost","pid":71509,"level":20,"msg":"Processed: \u001b[35mlayout/_widget/comment/gitment/common.ejs\u001b[39m","time":"2017-09-19T03:21:29.235Z","v":0}
{"name":"hexo","hostname":"localhost","pid":71509,"level":20,"msg":"Processed: \u001b[35mlayout/_widget/comment/gitment/enter.ejs\u001b[39m","time":"2017-09-19T03:21:29.235Z","v":0}
{"name":"hexo","hostname":"localhost","pid":71509,"level":20,"msg":"Processed: \u001b[35mlayout/_widget/comment/gitment/main.ejs\u001b[39m","time":"2017-09-19T03:21:29.235Z","v":0}
{"name":"hexo","hostname":"localhost","pid":71509,"level":20,"msg":"Processed: \u001b[35mlayout/_widget/comment/valine/common.ejs\u001b[39m","time":"2017-09-19T03:21:29.235Z","v":0}
{"name":"hexo","hostname":"localhost","pid":71509,"level":20,"msg":"Processed: \u001b[35mlayout/_widget/comment/valine/enter.ejs\u001b[39m","time":"2017-09-19T03:21:29.235Z","v":0}
{"name":"hexo","hostname":"localhost","pid":71509,"level":20,"msg":"Processed: \u001b[35mlayout/_widget/comment/valine/main.ejs\u001b[39m","time":"2017-09-19T03:21:29.235Z","v":0}
{"name":"hexo","hostname":"localhost","pid":71509,"level":20,"msg":"Processed: \u001b[35mlayout/_widget/comment/livere/main.ejs\u001b[39m","time":"2017-09-19T03:21:29.235Z","v":0}
{"name":"hexo","hostname":"localhost","pid":71509,"level":20,"msg":"Processed: \u001b[35mlayout/_widget/comment/livere/enter.ejs\u001b[39m","time":"2017-09-19T03:21:29.235Z","v":0}
{"name":"hexo","hostname":"localhost","pid":71509,"level":20,"msg":"Generator: \u001b[35mpage\u001b[39m","time":"2017-09-19T03:21:29.386Z","v":0}
{"name":"hexo","hostname":"localhost","pid":71509,"level":20,"msg":"Generator: \u001b[35mpost\u001b[39m","time":"2017-09-19T03:21:29.387Z","v":0}
{"name":"hexo","hostname":"localhost","pid":71509,"level":20,"msg":"Generator: \u001b[35marchive\u001b[39m","time":"2017-09-19T03:21:29.387Z","v":0}
{"name":"hexo","hostname":"localhost","pid":71509,"level":20,"msg":"Generator: \u001b[35mindex\u001b[39m","time":"2017-09-19T03:21:29.387Z","v":0}
{"name":"hexo","hostname":"localhost","pid":71509,"level":20,"msg":"Generator: \u001b[35mcategory\u001b[39m","time":"2017-09-19T03:21:29.387Z","v":0}
{"name":"hexo","hostname":"localhost","pid":71509,"level":20,"msg":"Generator: \u001b[35mtag\u001b[39m","time":"2017-09-19T03:21:29.387Z","v":0}
{"name":"hexo","hostname":"localhost","pid":71509,"level":20,"msg":"Generator: \u001b[35masset\u001b[39m","time":"2017-09-19T03:21:29.389Z","v":0}
{"name":"hexo","hostname":"localhost","pid":71509,"level":30,"msg":"Hexo is running at \u001b[4mhttp://localhost:4000/\u001b[24m. Press Ctrl+C to stop.","time":"2017-09-19T03:21:29.394Z","v":0}
{"name":"hexo","hostname":"localhost","pid":71509,"level":20,"msg":"Database saved","time":"2017-09-19T03:21:29.406Z","v":0}
{"name":"hexo","hostname":"localhost","pid":71509,"level":20,"msg":"Rendering index: \u001b[35mindex.html\u001b[39m","time":"2017-09-19T03:21:42.492Z","v":0}
{"name":"hexo","hostname":"localhost","pid":71509,"level":30,"msg":"Bye!","time":"2017-09-19T03:22:02.882Z","v":0}
{"name":"hexo","hostname":"localhost","pid":71509,"level":20,"msg":"Database saved","time":"2017-09-19T03:22:02.893Z","v":0}
